Arguments: 
  C:\Program Files\nodejs\node.exe C:\Users\7\AppData\Roaming\npm\node_modules\yarn\bin\yarn.js install

PATH: 
  C:\ProgramData\Oracle\Java\javapath;C:\Program Files (x86)\Common Files\Intel\Shared Libraries\redist\intel64\compiler;C:\Windows\system32;C:\Windows;C:\Windows\System32\Wbem;C:\Windows\System32\WindowsPowerShell\v1.0\;C:\Python27;C:\Program Files (x86)\QuickTime\QTSystem\;C:\Program Files (x86)\Skype\Phone\;C:\Program Files\Git\cmd;C:\Program Files\Git\mingw64\bin;C:\Program Files\Git\usr\bin;C:\Program Files (x86)\GtkSharp\2.12\bin;C:\Program Files\nodejs\;C:\Gradle\gradle-4.4.1\bin;C:\Users\7\AppData\Local\Android\sdk\platform-tools;C:\Program Files\Heroku\bin;C:\Users\7\AppData\Local\.meteor\;C:\Program Files\Microsoft VS Code\bin;C:\Users\7\AppData\Roaming\npm;C:\Users\7\AppData\Local\Android\sdk\platform-tools

Yarn version: 
  1.3.2

Node version: 
  8.9.0

Platform: 
  win32 x64

npm manifest: 
  {
    "name": "expensify-app",
    "version": "1.0.0",
    "main": "index.js",
    "author": "SeeeRGo",
    "license": "MIT",
    "scripts": {
      "serve": "live-server public/",
      "build": "webpack ",
      "dev-server": "webpack-dev-server",
      "test": "jest"
    },
    "dependencies": {
      "babel-cli": "6.24.1",
      "babel-core": "6.25.0",
      "babel-loader": "7.1.1",
      "babel-plugin-transform-class-properties": "6.24.1",
      "babel-plugin-transform-object-rest-spread": "^6.26.0",
      "babel-preset-env": "1.5.2",
      "babel-preset-react": "6.24.1",
      "css-loader": "0.28.4",
      "jest": "20.0.4",
      "live-server": "^1.2.0",
      "moment": "2.18.1",
      "node-sass": "4.5.3",
      "normalize.css": "7.0.0",
      "react": "16.0.0",
      "react-addons-shallow-compare": "15.6.0",
      "react-dates": "12.3.0",
      "react-dom": "16.0.0",
      "react-modal": "2.2.2",
      "react-redux": "5.0.5",
      "react-router-dom": "4.2.2",
      "redux": "3.7.2",
      "sass-loader": "^6.0.6",
      "style-loader": "0.18.2",
      "uuid": "3.1.0",
      "validator": "8.0.0",
      "webpack": "^3.9.1",
      "webpack-dev-server": "2.5.1"
    }
  }

yarn manifest: 
  No manifest

Lockfile: 
  No lockfile

Trace: 
  Error: EPERM: operation not permitted, unlink 'C:\Users\7\Desktop\react-course-projects\expensify-app\node_modules\node-sass\vendor\win32-x64-57\binding.node'
